[debug] [2025-03-03T12:31:32.146Z] ----------------------------------------------------------------------
[debug] [2025-03-03T12:31:32.154Z] Command:       /usr/local/bin/node /usr/local/bin/firebase deploy
[debug] [2025-03-03T12:31:32.155Z] CLI Version:   13.0.2
[debug] [2025-03-03T12:31:32.155Z] Platform:      darwin
[debug] [2025-03-03T12:31:32.155Z] Node Version:  v20.10.0
[debug] [2025-03-03T12:31:32.155Z] Time:          Mon Mar 03 2025 13:31:32 GMT+0100 (West Africa Standard Time)
[debug] [2025-03-03T12:31:32.155Z] ----------------------------------------------------------------------
[debug] 
[debug] [2025-03-03T12:31:32.158Z] >>> [apiv2][query] GET https://firebase-public.firebaseio.com/cli.json [none]
[debug] [2025-03-03T12:31:32.252Z] > command requires scopes: ["email","openid","https://www.googleapis.com/auth/cloudplatformprojects.readonly","https://www.googleapis.com/auth/firebase","https://www.googleapis.com/auth/cloud-platform"]
[debug] [2025-03-03T12:31:32.253Z] > authorizing via signed-in user (akindelemichael65@gmail.com)
[debug] [2025-03-03T12:31:32.253Z] [iam] checking project akindelemichael-1 for permissions ["firebase.projects.get","firebasehosting.sites.update"]
[debug] [2025-03-03T12:31:32.253Z] > refreshing access token with scopes: []
[debug] [2025-03-03T12:31:32.254Z] >>> [apiv2][query] POST https://www.googleapis.com/oauth2/v3/token [none]
[debug] [2025-03-03T12:31:32.254Z] >>> [apiv2][body] POST https://www.googleapis.com/oauth2/v3/token [omitted]
[debug] [2025-03-03T12:31:34.000Z] <<< [apiv2][status] POST https://www.googleapis.com/oauth2/v3/token 200
[debug] [2025-03-03T12:31:34.000Z] <<< [apiv2][body] POST https://www.googleapis.com/oauth2/v3/token [omitted]
[debug] [2025-03-03T12:31:34.051Z] >>> [apiv2][query] POST https://cloudresourcemanager.googleapis.com/v1/projects/akindelemichael-1:testIamPermissions [none]
[debug] [2025-03-03T12:31:34.051Z] >>> [apiv2][(partial)header] POST https://cloudresourcemanager.googleapis.com/v1/projects/akindelemichael-1:testIamPermissions x-goog-quota-user=projects/akindelemichael-1
[debug] [2025-03-03T12:31:34.052Z] >>> [apiv2][body] POST https://cloudresourcemanager.googleapis.com/v1/projects/akindelemichael-1:testIamPermissions {"permissions":["firebase.projects.get","firebasehosting.sites.update"]}
[debug] [2025-03-03T12:31:35.234Z] <<< [apiv2][status] GET https://firebase-public.firebaseio.com/cli.json 200
[debug] [2025-03-03T12:31:35.234Z] <<< [apiv2][body] GET https://firebase-public.firebaseio.com/cli.json {"cloudBuildErrorAfter":1594252800000,"cloudBuildWarnAfter":1590019200000,"defaultNode10After":1594252800000,"minVersion":"3.0.5","node8DeploysDisabledAfter":1613390400000,"node8RuntimeDisabledAfter":1615809600000,"node8WarnAfter":1600128000000}
[debug] [2025-03-03T12:31:35.932Z] <<< [apiv2][status] POST https://cloudresourcemanager.googleapis.com/v1/projects/akindelemichael-1:testIamPermissions 200
[debug] [2025-03-03T12:31:35.932Z] <<< [apiv2][body] POST https://cloudresourcemanager.googleapis.com/v1/projects/akindelemichael-1:testIamPermissions {"permissions":["firebase.projects.get","firebasehosting.sites.update"]}
[debug] [2025-03-03T12:31:35.933Z] >>> [apiv2][query] GET https://firebase.googleapis.com/v1beta1/projects/akindelemichael-1 [none]
